Jan 31 02:3004 ubuntu,local  ticky: ERROR Timeout while retrieving information (oren)
Jan 31 00:2130 ubuntu.local  ticky: ERROR The ticket was modified while updating (breee)
Jan 31 00:4434 ubuntu,local  ticky: ERROR Permission denied while closing ticket (ac)
Jan 31 01:3312 ubuntu.local  ticky: ERROR Tried to add information to closed ticket (mcintosh)
Jan 31 01:4310 ubuntu,local  ticky: ERROR Tried to add information to closed ticket (jackowens)
Jan 31 01:4929 ubuntu.local  ticky: ERROR Tried to add information to closed ticket (mdouglas)
Jan 31 02:3004 ubuntu,local  ticky: ERROR Timeout while retrieving information (oren)
Jan 31 02:553I ubuntu.local  ticky: ERROR Ticket doesn't exist (xlg)
Jan 31 03:0535 ubuntu,local  ticky: ERROR Timeout while retrieving information (ahmed.miller)
Jan 31 03:0&55 ubuntu.local  ticky: ERROR Ticket doesn't exist (blossom)
Jan 31 03:3927 ubuntu,local  ticky: ERROR The ticket was modified while updating (bpacheco)
Jan 31 00:0939 ubuntu,local  ticky: INFO Created ticket [#4217] (mdouglas)
Jan 31 001625 ubuntu,local   ticky: INFO closed ticket [#1754] (noel)
Jan 31 00:2130 ubuntu,local  ticky: ERROR The ticket was modified while updating (breee)
Jan 31 00:4434 ubuntu.local  ticky: ERROR Permission denied while closing ticket (ac)
Jan 31 01:0050 ubuntu,local  ticky: INFO Commented on ticket [#4709] (blossom)
Jan 31 01:2916 ubuntu.local  ticky: INFO Commented on ticket [#651] (rr.robinson)
Jan 31 01:3312 ubuntu,local  ticky: ERROR Tried to add information to closed ticket (mcintosh)
Jan 31 014310 ubuntu,local   ticky: ERROR Tried to add information to closed ticket (jackowens)
Jan 31 01:4929 ubuntu,local  ticky: ERROR Tried to add information to closed ticket (mdouglas)